nohup: ignoring input
Traceback (most recent call last):
  File "run_longExp.py", line 140, in <module>
    exp.train(setting)
  File "/opt/data/private/model_test/PatchTST/PatchTST_supervised/exp/exp_main.py", line 204, in train
    outputs = self.model(batch_x, batch_x_mark, dec_inp, batch_y_mark, batch_y)
  File "/usr/local/lib/python3.8/dist-packages/torch/nn/modules/module.py", line 1423, in _call_impl
    return forward_call(*input, **kwargs)
  File "/opt/data/private/model_test/PatchTST/PatchTST_supervised/models/Informer.py", line 95, in forward
    dec_out = self.dec_embedding(x_dec, x_mark_dec)
  File "/usr/local/lib/python3.8/dist-packages/torch/nn/modules/module.py", line 1423, in _call_impl
    return forward_call(*input, **kwargs)
  File "/opt/data/private/model_test/PatchTST/PatchTST_supervised/layers/Embed.py", line 117, in forward
    x = self.value_embedding(x) + self.temporal_embedding(x_mark) + self.position_embedding(x)
RuntimeError: The size of tensor a (48) must match the size of tensor b (24) at non-singleton dimension 1
Traceback (most recent call last):
  File "run_longExp.py", line 140, in <module>
    exp.train(setting)
  File "/opt/data/private/model_test/PatchTST/PatchTST_supervised/exp/exp_main.py", line 204, in train
    outputs = self.model(batch_x, batch_x_mark, dec_inp, batch_y_mark, batch_y)
  File "/usr/local/lib/python3.8/dist-packages/torch/nn/modules/module.py", line 1423, in _call_impl
    return forward_call(*input, **kwargs)
  File "/opt/data/private/model_test/PatchTST/PatchTST_supervised/models/Transformer.py", line 88, in forward
    dec_out = self.dec_embedding(x_dec, x_mark_dec)
  File "/usr/local/lib/python3.8/dist-packages/torch/nn/modules/module.py", line 1423, in _call_impl
    return forward_call(*input, **kwargs)
  File "/opt/data/private/model_test/PatchTST/PatchTST_supervised/layers/Embed.py", line 117, in forward
    x = self.value_embedding(x) + self.temporal_embedding(x_mark) + self.position_embedding(x)
RuntimeError: The size of tensor a (48) must match the size of tensor b (24) at non-singleton dimension 1
